[debug] [2023-02-23T13:33:34.046Z] ----------------------------------------------------------------------
[debug] [2023-02-23T13:33:34.048Z] Command:       C:\Program Files\nodejs\node.exe C:\Users\sweety\AppData\Roaming\npm\node_modules\firebase-tools\lib\bin\firebase.js init
[debug] [2023-02-23T13:33:34.049Z] CLI Version:   11.23.1
[debug] [2023-02-23T13:33:34.050Z] Platform:      win32
[debug] [2023-02-23T13:33:34.050Z] Node Version:  v18.12.1
[debug] [2023-02-23T13:33:34.051Z] Time:          Thu Feb 23 2023 19:03:34 GMT+0530 (India Standard Time)
[debug] [2023-02-23T13:33:34.051Z] ----------------------------------------------------------------------
[debug] 
[debug] [2023-02-23T13:33:34.062Z] > command requires scopes: ["email","openid","https://www.googleapis.com/auth/cloudplatformprojects.readonly","https://www.googleapis.com/auth/firebase","https://www.googleapis.com/auth/cloud-platform"]
[debug] [2023-02-23T13:33:34.063Z] > authorizing via signed-in user (sweetykumari.6747@gmail.com)
[info] 
     ######## #### ########  ######## ########     ###     ######  ########
     ##        ##  ##     ## ##       ##     ##  ##   ##  ##       ##
     ######    ##  ########  ######   ########  #########  ######  ######
     ##        ##  ##    ##  ##       ##     ## ##     ##       ## ##
     ##       #### ##     ## ######## ########  ##     ##  ######  ########

You're about to initialize a Firebase project in this directory:

  C:\Users\sweety\Desktop\website development\unichat-course-master

[info] 
=== Project Setup
[info] 
[info] First, let's associate this project directory with a Firebase project.
[info] You can create multiple project aliases by running firebase use --add, 
[info] but for now we'll just set up a default project.
[info] 
[debug] [2023-02-23T13:35:28.749Z] >>> [apiv2][query] GET https://firebase.googleapis.com/v1beta1/projects pageSize=100
[debug] [2023-02-23T13:35:30.144Z] <<< [apiv2][status] GET https://firebase.googleapis.com/v1beta1/projects 200
[debug] [2023-02-23T13:35:30.145Z] <<< [apiv2][body] GET https://firebase.googleapis.com/v1beta1/projects [omitted]
[info] i  Using project chit-chat-9c042 (chit-chat) 
[info] 
=== Hosting Setup
[info] 
[info] Your public directory is the folder (relative to your project directory) that
[info] will contain Hosting assets to be uploaded with firebase deploy. If you
[info] have a build process for your assets, use your build's output directory.
[info] 
[info] +  Wrote y/404.html 
[debug] [2023-02-23T13:42:54.278Z] >>> [apiv2][query] GET https://www.gstatic.com/firebasejs/releases.json [none]
[debug] [2023-02-23T13:42:54.776Z] <<< [apiv2][status] GET https://www.gstatic.com/firebasejs/releases.json 200
[debug] [2023-02-23T13:42:54.776Z] <<< [apiv2][body] GET https://www.gstatic.com/firebasejs/releases.json {"current":{"version":"9.17.1","browserURL":"https://www.gstatic.com/firebasejs/9.17.1/firebase.js","packageURL":"https://www.gstatic.com/firebasejs/9.17.1/firebase.tgz"},"live":{"version":"9.17","browserURL":"https://www.gstatic.com/firebasejs/live/9.17/firebase.js","packageURL":"https://www.gstatic.com/firebasejs/live/9.17/firebase.tgz"},"components":{"analytics":"https://www.gstatic.com/firebasejs/9.17.1/firebase-analytics.js","app":"https://www.gstatic.com/firebasejs/9.17.1/firebase-app.js","app-check":"https://www.gstatic.com/firebasejs/9.17.1/firebase-app-check.js","auth":"https://www.gstatic.com/firebasejs/9.17.1/firebase-auth.js","auth/cordova":"https://www.gstatic.com/firebasejs/9.17.1/firebase-auth/cordova.js","auth/react-native":"https://www.gstatic.com/firebasejs/9.17.1/firebase-auth/react-native.js","functions":"https://www.gstatic.com/firebasejs/9.17.1/firebase-functions.js","firestore":"https://www.gstatic.com/firebasejs/9.17.1/firebase-firestore.js","firestore/lite":"https://www.gstatic.com/firebasejs/9.17.1/firebase-firestore/lite.js","installations":"https://www.gstatic.com/firebasejs/9.17.1/firebase-installations.js","storage":"https://www.gstatic.com/firebasejs/9.17.1/firebase-storage.js","performance":"https://www.gstatic.com/firebasejs/9.17.1/firebase-performance.js","remote-config":"https://www.gstatic.com/firebasejs/9.17.1/firebase-remote-config.js","messaging":"https://www.gstatic.com/firebasejs/9.17.1/firebase-messaging.js","messaging/sw":"https://www.gstatic.com/firebasejs/9.17.1/firebase-messaging/sw.js","database":"https://www.gstatic.com/firebasejs/9.17.1/firebase-database.js","firestore.memory":"https://www.gstatic.com/firebasejs/9.17.1/firebase-firestore.memory.js"}}
[info] +  Wrote y/index.html 
[info] 
[info] i  Didn't detect a .git folder. Assuming C:\Users\sweety\Desktop\website development\unichat-course-master is the project root. 
[info] i  Authorizing with GitHub to upload your service account to a GitHub repository's secrets store. 
[info] 
[info] Visit this URL on this device to log in:
[info] https://github.com/login/oauth/authorize?client_id=89cf50f02ac6aaed3484&state=889384840&redirect_uri=http%3A%2F%2Flocalhost%3A9005&scope=read%3Auser%20repo%20public_repo
[info] 
[info] Waiting for authentication...
[debug] [2023-02-23T13:43:05.288Z] >>> [apiv2][query] POST https://github.com/login/oauth/access_token [none]
[debug] [2023-02-23T13:43:05.289Z] >>> [apiv2][body] POST https://github.com/login/oauth/access_token [stream]
[debug] [2023-02-23T13:43:06.124Z] <<< [apiv2][status] POST https://github.com/login/oauth/access_token 200
[debug] [2023-02-23T13:43:06.125Z] <<< [apiv2][body] POST https://github.com/login/oauth/access_token {"access_token":"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","token_type":"bearer","scope":"read:user,repo"}
[debug] [2023-02-23T13:43:06.140Z] >>> [apiv2][query] GET https://api.github.com/user [none]
[debug] [2023-02-23T13:43:07.455Z] <<< [apiv2][status] GET https://api.github.com/user 200
[debug] [2023-02-23T13:43:07.456Z] <<< [apiv2][body] GET https://api.github.com/user {"login":"sweety-12","id":75718491,"node_id":"MDQ6VXNlcjc1NzE4NDkx","avatar_url":"https://avatars.githubusercontent.com/u/75718491?v=4","gravatar_id":"","url":"https://api.github.com/users/sweety-12","html_url":"https://github.com/sweety-12","followers_url":"https://api.github.com/users/sweety-12/followers","following_url":"https://api.github.com/users/sweety-12/following{/other_user}","gists_url":"https://api.github.com/users/sweety-12/gists{/gist_id}","starred_url":"https://api.github.com/users/sweety-12/starred{/owner}{/repo}","subscriptions_url":"https://api.github.com/users/sweety-12/subscriptions","organizations_url":"https://api.github.com/users/sweety-12/orgs","repos_url":"https://api.github.com/users/sweety-12/repos","events_url":"https://api.github.com/users/sweety-12/events{/privacy}","received_events_url":"https://api.github.com/users/sweety-12/received_events","type":"User","site_admin":false,"name":null,"company":null,"blog":"","location":null,"email":null,"hireable":null,"bio":null,"twitter_username":null,"public_repos":6,"public_gists":0,"followers":0,"following":0,"created_at":"2020-12-09T06:38:43Z","updated_at":"2023-02-23T13:42:59Z","private_gists":0,"total_private_repos":0,"owned_private_repos":0,"disk_usage":1708,"collaborators":0,"two_factor_authentication":false,"plan":{"name":"free","space":976562499,"collaborators":0,"private_repos":10000}}
[info] 
[info] +  Success! Logged into GitHub as sweety-12 
[info] 
[debug] [2023-02-23T13:43:45.913Z] >>> [apiv2][query] GET https://api.github.com/repos/sweety-12/actions/secrets/public-key type=owner
[debug] [2023-02-23T13:43:46.777Z] <<< [apiv2][status] GET https://api.github.com/repos/sweety-12/actions/secrets/public-key 404
[debug] [2023-02-23T13:43:46.777Z] <<< [apiv2][body] GET https://api.github.com/repos/sweety-12/actions/secrets/public-key {"message":"Not Found","documentation_url":"https://docs.github.com/rest"}
[debug] [2023-02-23T13:44:03.263Z] >>> [apiv2][query] GET https://api.github.com/repos//actions/secrets/public-key type=owner
[debug] [2023-02-23T13:44:04.394Z] <<< [apiv2][status] GET https://api.github.com/repos//actions/secrets/public-key 404
[debug] [2023-02-23T13:44:04.395Z] <<< [apiv2][body] GET https://api.github.com/repos//actions/secrets/public-key {"message":"Not Found","documentation_url":"https://docs.github.com/rest"}
